This is pdfTeX, Version 3.141592653-2.6-1.40.27 (TeX Live 2025) (preloaded format=pdflatex 2025.3.8)  26 NOV 2025 22:34
entering extended mode
 restricted \write18 enabled.
 %&-line parsing enabled.
**resume.tex
(/usr/local/texlive/2025/texmf-dist/tex/latex/tools/q.tex
LaTeX2e <2024-11-01> patch level 2
L3 programming layer <2025-01-18>
File ignored
)
! Emergency stop.
<*> resume.tex
              
*** (job aborted, no legal \end found)

 
Here is how much of TeX's memory you used:
 16 strings out of 473190
 477 string characters out of 5715801
 391984 words of memory out of 5000000
 23367 multiletter control sequences out of 15000+600000
 558837 words of font info for 36 fonts, out of 8000000 for 9000
 1141 hyphenation exceptions out of 8191
 12i,0n,13p,90b,8s stack positions out of 10000i,1000n,20000p,200000b,200000s
!  ==> Fatal error occurred, no output PDF file produced!
